<?xml version="1.0" encoding="UTF-8"?>
<!-- Generated by org.testng.reporters.JUnitXMLReporter -->
<testsuite hostname="PRO-IND-1102" ignored="1" name="Default test" tests="1" failures="0" timestamp="2023-03-11T15:42:33 IST" time="27.954" errors="0">
  <testcase name="TC02_Demohop_EndToEnd" time="19.954" classname="Com.Tricenties_TestScript.EndToEnd_Test"/>
  <testcase name="TC01_Validate_LoginAccountID" time="0.0" classname="Com.Tricenties_TestScript.EndToEnd_Test">
    <ignored/>
  </testcase> <!-- TC01_Validate_LoginAccountID -->
</testsuite> <!-- Default test -->
